Release 14.7 - xst P.20131013 (nt64)
Copyright (c) 1995-2013 Xilinx, Inc.  All rights reserved.
--> Parameter TMPDIR set to xst/projnav.tmp


Total REAL time to Xst completion: 0.00 secs
Total CPU time to Xst completion: 0.14 secs
 
--> Parameter xsthdpdir set to xst


Total REAL time to Xst completion: 0.00 secs
Total CPU time to Xst completion: 0.14 secs
 
--> Reading design: ALU.prj

TABLE OF CONTENTS
  1) Synthesis Options Summary
  2) HDL Compilation
  3) Design Hierarchy Analysis
  4) HDL Analysis
  5) HDL Synthesis
     5.1) HDL Synthesis Report
  6) Advanced HDL Synthesis
     6.1) Advanced HDL Synthesis Report
  7) Low Level Synthesis
  8) Partition Report
  9) Final Report

=========================================================================
*                      Synthesis Options Summary                        *
=========================================================================
---- Source Parameters
Input File Name                    : "ALU.prj"
Input Format                       : mixed
Ignore Synthesis Constraint File   : NO

---- Target Parameters
Output File Name                   : "ALU"
Output Format                      : NGC
Target Device                      : XC9500XL CPLDs

---- Source Options
Top Module Name                    : ALU
Automatic FSM Extraction           : YES
FSM Encoding Algorithm             : Auto
Safe Implementation                : No
Mux Extraction                     : Yes
Resource Sharing                   : YES

---- Target Options
Add IO Buffers                     : YES
MACRO Preserve                     : YES
XOR Preserve                       : YES
Equivalent register Removal        : YES

---- General Options
Optimization Goal                  : Speed
Optimization Effort                : 1
Keep Hierarchy                     : Yes
Netlist Hierarchy                  : As_Optimized
RTL Output                         : Yes
Hierarchy Separator                : /
Bus Delimiter                      : <>
Case Specifier                     : Maintain
Verilog 2001                       : YES

---- Other Options
Clock Enable                       : YES
wysiwyg                            : NO

=========================================================================


=========================================================================
*                          HDL Compilation                              *
=========================================================================
Compiling vhdl file "F:/xilinx project/Super_ALU/ALU_OP.vhd" in Library work.
Package <ALU_OP> compiled.
Package body <ALU_OP> compiled.
Compiling vhdl file "F:/xilinx project/Super_ALU/ALU.vhd" in Library work.
Entity <alu> compiled.
Entity <alu> (Architecture <behavioral>) compiled.

=========================================================================
*                     Design Hierarchy Analysis                         *
=========================================================================
Analyzing hierarchy for entity <ALU> in library <work> (architecture <behavioral>).


=========================================================================
*                            HDL Analysis                               *
=========================================================================
Analyzing Entity <ALU> in library <work> (Architecture <behavioral>).
Entity <ALU> analyzed. Unit <ALU> generated.


=========================================================================
*                           HDL Synthesis                               *
=========================================================================

Performing bidirectional port resolution...

Synthesizing Unit <ALU>.
    Related source file is "F:/xilinx project/Super_ALU/ALU.vhd".
    Found 8-bit comparator less for signal <current_number$cmp_gt0000> created at line 38.
    Found 8-bit comparator less for signal <current_number0$cmp_gt0000> created at line 38.
    Found 16-bit comparator less for signal <current_number1$cmp_gt0000> created at line 38.
    Found 9-bit adder for signal <first_result$add0000> created at line 79.
    Found 8-bit comparator lessequal for signal <first_result$cmp_ge0000> created at line 25.
    Found 8x8-bit multiplier for signal <first_result$mult0000>.
    Found 9-bit subtractor for signal <first_result$sub0000> created at line 64.
    Found 1-bit subtractor for signal <first_result$sub0001> created at line 42.
    Found 17-bit adder for signal <output$add0000> created at line 79.
    Found 16-bit comparator lessequal for signal <output$cmp_ge0000> created at line 25.
    Found 16x16-bit multiplier for signal <output$mult0000>.
    Found 16-bit subtractor for signal <output$sub0000> created at line 64.
    Found 1-bit subtractor for signal <output$sub0001> created at line 42.
    Found 9-bit adder for signal <second_result$add0000> created at line 79.
    Found 8-bit comparator lessequal for signal <second_result$cmp_ge0000> created at line 25.
    Found 8x8-bit multiplier for signal <second_result$mult0000>.
    Found 9-bit subtractor for signal <second_result$sub0000> created at line 64.
    Found 1-bit subtractor for signal <second_result$sub0001> created at line 42.
    Summary:
	inferred   9 Adder/Subtractor(s).
	inferred   3 Multiplier(s).
	inferred   6 Comparator(s).
Unit <ALU> synthesized.

INFO:Xst:1767 - HDL ADVISOR - Resource sharing has identified that some arithmetic operations in this design can share the same physical resources for reduced device utilization. For improved clock frequency you may try to disable resource sharing.

=========================================================================
HDL Synthesis Report

Macro Statistics
# Multipliers                                          : 3
 16x16-bit multiplier                                  : 1
 8x8-bit multiplier                                    : 2
# Adders/Subtractors                                   : 9
 1-bit subtractor                                      : 3
 16-bit subtractor                                     : 1
 17-bit adder                                          : 1
 9-bit adder                                           : 2
 9-bit subtractor                                      : 2
# Comparators                                          : 6
 16-bit comparator less                                : 1
 16-bit comparator lessequal                           : 1
 8-bit comparator less                                 : 2
 8-bit comparator lessequal                            : 2

=========================================================================

=========================================================================
*                       Advanced HDL Synthesis                          *
=========================================================================


=========================================================================
Advanced HDL Synthesis Report

Macro Statistics
# Multipliers                                          : 3
 16x16-bit multiplier                                  : 1
 8x8-bit multiplier                                    : 2
# Adders/Subtractors                                   : 9
 1-bit subtractor                                      : 3
 16-bit subtractor                                     : 1
 17-bit adder                                          : 1
 9-bit adder                                           : 2
 9-bit subtractor                                      : 2

=========================================================================

=========================================================================
*                         Low Level Synthesis                           *
=========================================================================

Optimizing unit <ALU> ...

=========================================================================
*                           Partition Report                            *
=========================================================================

Partition Implementation Status
-------------------------------

  No Partitions were found in this design.

-------------------------------

=========================================================================
*                            Final Report                               *
=========================================================================
Final Results
RTL Top Level Output File Name     : ALU.ngr
Top Level Output File Name         : ALU
Output Format                      : NGC
Optimization Goal                  : Speed
Keep Hierarchy                     : Yes
Target Technology                  : XC9500XL CPLDs
Macro Preserve                     : YES
XOR Preserve                       : YES
Clock Enable                       : YES
wysiwyg                            : NO

Design Statistics
# IOs                              : 73

Cell Usage :
# BELS                             : 3300
#      AND2                        : 1393
#      AND3                        : 9
#      AND6                        : 3
#      AND7                        : 3
#      AND8                        : 2
#      INV                         : 221
#      OR2                         : 865
#      OR3                         : 2
#      XOR2                        : 802
# IO Buffers                       : 73
#      IBUF                        : 41
#      OBUF                        : 32
=========================================================================


Total REAL time to Xst completion: 7.00 secs
Total CPU time to Xst completion: 6.70 secs
 
--> 

Total memory usage is 4546988 kilobytes

Number of errors   :    0 (   0 filtered)
Number of warnings :    0 (   0 filtered)
Number of infos    :    1 (   0 filtered)

